Info: Starting: Create block symbol file (.bsf)
Info: qsys-generate C:\Users\smw0025\Documents\HELEN\QuartusPrime\helen.qsys --block-symbol-file --output-directory=C:\Users\smw0025\Documents\HELEN\QuartusPrime\helen --family="Cyclone IV E" --part=EP4CE22F17C6
Progress: Loading QuartusPrime/helen.qsys
Progress: Reading input file
Progress: Adding adc [altera_up_avalon_adc 17.1]
Progress: Parameterizing module adc
Progress: Adding altpll [altpll 17.1]
Progress: Parameterizing module altpll
Progress: Adding clk [clock_source 17.1]
Progress: Parameterizing module clk
Progress: Adding flash [altera_avalon_epcs_flash_controller 17.1]
Progress: Parameterizing module flash
Progress: Adding jtag_uart_0 [altera_avalon_jtag_uart 17.1]
Progress: Parameterizing module jtag_uart_0
Progress: Adding led [altera_avalon_pio 17.1]
Progress: Parameterizing module led
Progress: Adding nios [altera_nios2_gen2 17.1]
Progress: Parameterizing module nios
Progress: Adding onchip [altera_avalon_onchip_memory2 17.1]
Progress: Parameterizing module onchip
Progress: Adding sdram [altera_avalon_new_sdram_controller 17.1]
Progress: Parameterizing module sdram
Progress: Adding sysid_qsys_0 [altera_avalon_sysid_qsys 17.1]
Progress: Parameterizing module sysid_qsys_0
Progress: Adding uart [altera_avalon_uart 17.1]
Progress: Parameterizing module uart
Progress: Building connections
Progress: Parameterizing connections
Progress: Validating
Progress: Done reading input file
Info: helen.flash: Legacy EPCS/EPCQx1 Flash Controller will only be supported in Quartus Prime Standard Edition in the future release.
Info: helen.flash: Dedicated AS interface is not supported, signals are exported to top level design.
Info: helen.jtag_uart_0: JTAG UART IP input clock need to be at least double (2x) the operating frequency of JTAG TCK on board
Info: helen.sdram: SDRAM Controller will only be supported in Quartus Prime Standard Edition in the future release.
Info: helen.sysid_qsys_0: System ID is not assigned automatically. Edit the System ID parameter to provide a unique ID
Info: helen.sysid_qsys_0: Time stamp will be automatically updated when this component is generated.
Info: qsys-generate succeeded.
Info: Finished: Create block symbol file (.bsf)
Info: 
Info: Starting: Create HDL design files for synthesis
Info: qsys-generate C:\Users\smw0025\Documents\HELEN\QuartusPrime\helen.qsys --synthesis=VERILOG --output-directory=C:\Users\smw0025\Documents\HELEN\QuartusPrime\helen\synthesis --family="Cyclone IV E" --part=EP4CE22F17C6
Progress: Loading QuartusPrime/helen.qsys
Progress: Reading input file
Progress: Adding adc [altera_up_avalon_adc 17.1]
Progress: Parameterizing module adc
Progress: Adding altpll [altpll 17.1]
Progress: Parameterizing module altpll
Progress: Adding clk [clock_source 17.1]
Progress: Parameterizing module clk
Progress: Adding flash [altera_avalon_epcs_flash_controller 17.1]
Progress: Parameterizing module flash
Progress: Adding jtag_uart_0 [altera_avalon_jtag_uart 17.1]
Progress: Parameterizing module jtag_uart_0
Progress: Adding led [altera_avalon_pio 17.1]
Progress: Parameterizing module led
Progress: Adding nios [altera_nios2_gen2 17.1]
Progress: Parameterizing module nios
Progress: Adding onchip [altera_avalon_onchip_memory2 17.1]
Progress: Parameterizing module onchip
Progress: Adding sdram [altera_avalon_new_sdram_controller 17.1]
Progress: Parameterizing module sdram
Progress: Adding sysid_qsys_0 [altera_avalon_sysid_qsys 17.1]
Progress: Parameterizing module sysid_qsys_0
Progress: Adding uart [altera_avalon_uart 17.1]
Progress: Parameterizing module uart
Progress: Building connections
Progress: Parameterizing connections
Progress: Validating
Progress: Done reading input file
Info: helen.flash: Legacy EPCS/EPCQx1 Flash Controller will only be supported in Quartus Prime Standard Edition in the future release.
Info: helen.flash: Dedicated AS interface is not supported, signals are exported to top level design.
Info: helen.jtag_uart_0: JTAG UART IP input clock need to be at least double (2x) the operating frequency of JTAG TCK on board
Info: helen.sdram: SDRAM Controller will only be supported in Quartus Prime Standard Edition in the future release.
Info: helen.sysid_qsys_0: System ID is not assigned automatically. Edit the System ID parameter to provide a unique ID
Info: helen.sysid_qsys_0: Time stamp will be automatically updated when this component is generated.
Info: helen: Generating helen "helen" for QUARTUS_SYNTH
Info: Inserting clock-crossing logic between cmd_demux.src5 and cmd_mux_005.sink0
Info: Inserting clock-crossing logic between rsp_demux_005.src0 and rsp_mux.sink5
Info: adc: Starting Generation of ADC Controller for DE-series Board
Info: adc: C:/intelfpga_lite/17.1/ip/altera/university_program/input_output/altera_up_avalon_adc/hdl/altera_up_avalon_adv_adc.v C:/Users/smw0025/AppData/Local/Temp/alt7587_4277633509182884103.dir/0002_sopcgen/helen_adc.v
Info: adc: "helen" instantiated altera_up_avalon_adc "adc"
Info: altpll: "helen" instantiated altpll "altpll"
Info: flash: Starting RTL generation for module 'helen_flash'
Info: flash:   Generation command is [exec C:/intelfpga_lite/17.1/quartus/bin64/perl/bin/perl.exe -I C:/intelfpga_lite/17.1/quartus/bin64/perl/lib -I C:/intelfpga_lite/17.1/quartus/sopc_builder/bin/europa -I C:/intelfpga_lite/17.1/quartus/sopc_builder/bin/perl_lib -I C:/intelfpga_lite/17.1/quartus/sopc_builder/bin -I C:/intelfpga_lite/17.1/quartus/../ip/altera/sopc_builder_ip/common -I C:/intelfpga_lite/17.1/quartus/../ip/altera/sopc_builder_ip/altera_avalon_epcs_flash_controller -- C:/intelfpga_lite/17.1/quartus/../ip/altera/sopc_builder_ip/altera_avalon_epcs_flash_controller/generate_rtl.pl --name=helen_flash --dir=C:/Users/smw0025/AppData/Local/Temp/alt7587_4277633509182884103.dir/0007_flash_gen/ --quartus_dir=C:/intelfpga_lite/17.1/quartus --verilog --config=C:/Users/smw0025/AppData/Local/Temp/alt7587_4277633509182884103.dir/0007_flash_gen//helen_flash_component_configuration.pl  --do_build_sim=0  ]
Info: flash: Done RTL generation for module 'helen_flash'
Info: flash: "helen" instantiated altera_avalon_epcs_flash_controller "flash"
Info: jtag_uart_0: Starting RTL generation for module 'helen_jtag_uart_0'
Info: jtag_uart_0:   Generation command is [exec C:/intelfpga_lite/17.1/quartus/bin64/perl/bin/perl.exe -I C:/intelfpga_lite/17.1/quartus/bin64/perl/lib -I C:/intelfpga_lite/17.1/quartus/sopc_builder/bin/europa -I C:/intelfpga_lite/17.1/quartus/sopc_builder/bin/perl_lib -I C:/intelfpga_lite/17.1/quartus/sopc_builder/bin -I C:/intelfpga_lite/17.1/quartus/../ip/altera/sopc_builder_ip/common -I C:/intelfpga_lite/17.1/quartus/../ip/altera/sopc_builder_ip/altera_avalon_jtag_uart -- C:/intelfpga_lite/17.1/quartus/../ip/altera/sopc_builder_ip/altera_avalon_jtag_uart/generate_rtl.pl --name=helen_jtag_uart_0 --dir=C:/Users/smw0025/AppData/Local/Temp/alt7587_4277633509182884103.dir/0008_jtag_uart_0_gen/ --quartus_dir=C:/intelfpga_lite/17.1/quartus --verilog --config=C:/Users/smw0025/AppData/Local/Temp/alt7587_4277633509182884103.dir/0008_jtag_uart_0_gen//helen_jtag_uart_0_component_configuration.pl  --do_build_sim=0  ]
Info: jtag_uart_0: Done RTL generation for module 'helen_jtag_uart_0'
Info: jtag_uart_0: "helen" instantiated altera_avalon_jtag_uart "jtag_uart_0"
Info: led: Starting RTL generation for module 'helen_led'
Info: led:   Generation command is [exec C:/intelfpga_lite/17.1/quartus/bin64/perl/bin/perl.exe -I C:/intelfpga_lite/17.1/quartus/bin64/perl/lib -I C:/intelfpga_lite/17.1/quartus/sopc_builder/bin/europa -I C:/intelfpga_lite/17.1/quartus/sopc_builder/bin/perl_lib -I C:/intelfpga_lite/17.1/quartus/sopc_builder/bin -I C:/intelfpga_lite/17.1/quartus/../ip/altera/sopc_builder_ip/common -I C:/intelfpga_lite/17.1/quartus/../ip/altera/sopc_builder_ip/altera_avalon_pio -- C:/intelfpga_lite/17.1/quartus/../ip/altera/sopc_builder_ip/altera_avalon_pio/generate_rtl.pl --name=helen_led --dir=C:/Users/smw0025/AppData/Local/Temp/alt7587_4277633509182884103.dir/0009_led_gen/ --quartus_dir=C:/intelfpga_lite/17.1/quartus --verilog --config=C:/Users/smw0025/AppData/Local/Temp/alt7587_4277633509182884103.dir/0009_led_gen//helen_led_component_configuration.pl  --do_build_sim=0  ]
Info: led: Done RTL generation for module 'helen_led'
Info: led: "helen" instantiated altera_avalon_pio "led"
Info: nios: "helen" instantiated altera_nios2_gen2 "nios"
Info: onchip: Starting RTL generation for module 'helen_onchip'
Info: onchip:   Generation command is [exec C:/intelfpga_lite/17.1/quartus/bin64/perl/bin/perl.exe -I C:/intelfpga_lite/17.1/quartus/bin64/perl/lib -I C:/intelfpga_lite/17.1/quartus/sopc_builder/bin/europa -I C:/intelfpga_lite/17.1/quartus/sopc_builder/bin/perl_lib -I C:/intelfpga_lite/17.1/quartus/sopc_builder/bin -I C:/intelfpga_lite/17.1/quartus/../ip/altera/sopc_builder_ip/common -I C:/intelfpga_lite/17.1/quartus/../ip/altera/sopc_builder_ip/altera_avalon_onchip_memory2 -- C:/intelfpga_lite/17.1/quartus/../ip/altera/sopc_builder_ip/altera_avalon_onchip_memory2/generate_rtl.pl --name=helen_onchip --dir=C:/Users/smw0025/AppData/Local/Temp/alt7587_4277633509182884103.dir/0010_onchip_gen/ --quartus_dir=C:/intelfpga_lite/17.1/quartus --verilog --config=C:/Users/smw0025/AppData/Local/Temp/alt7587_4277633509182884103.dir/0010_onchip_gen//helen_onchip_component_configuration.pl  --do_build_sim=0  ]
Info: onchip: Done RTL generation for module 'helen_onchip'
Info: onchip: "helen" instantiated altera_avalon_onchip_memory2 "onchip"
Info: sdram: Starting RTL generation for module 'helen_sdram'
Info: sdram:   Generation command is [exec C:/intelfpga_lite/17.1/quartus/bin64/perl/bin/perl.exe -I C:/intelfpga_lite/17.1/quartus/bin64/perl/lib -I C:/intelfpga_lite/17.1/quartus/sopc_builder/bin/europa -I C:/intelfpga_lite/17.1/quartus/sopc_builder/bin/perl_lib -I C:/intelfpga_lite/17.1/quartus/sopc_builder/bin -I C:/intelfpga_lite/17.1/quartus/../ip/altera/sopc_builder_ip/common -I C:/intelfpga_lite/17.1/quartus/../ip/altera/sopc_builder_ip/altera_avalon_new_sdram_controller -- C:/intelfpga_lite/17.1/quartus/../ip/altera/sopc_builder_ip/altera_avalon_new_sdram_controller/generate_rtl.pl --name=helen_sdram --dir=C:/Users/smw0025/AppData/Local/Temp/alt7587_4277633509182884103.dir/0011_sdram_gen/ --quartus_dir=C:/intelfpga_lite/17.1/quartus --verilog --config=C:/Users/smw0025/AppData/Local/Temp/alt7587_4277633509182884103.dir/0011_sdram_gen//helen_sdram_component_configuration.pl  --do_build_sim=0  ]
Info: sdram: Done RTL generation for module 'helen_sdram'
Info: sdram: "helen" instantiated altera_avalon_new_sdram_controller "sdram"
Info: sysid_qsys_0: "helen" instantiated altera_avalon_sysid_qsys "sysid_qsys_0"
Info: uart: Starting RTL generation for module 'helen_uart'
Info: uart:   Generation command is [exec C:/intelfpga_lite/17.1/quartus/bin64/perl/bin/perl.exe -I C:/intelfpga_lite/17.1/quartus/bin64/perl/lib -I C:/intelfpga_lite/17.1/quartus/sopc_builder/bin/europa -I C:/intelfpga_lite/17.1/quartus/sopc_builder/bin/perl_lib -I C:/intelfpga_lite/17.1/quartus/sopc_builder/bin -I C:/intelfpga_lite/17.1/quartus/../ip/altera/sopc_builder_ip/common -I C:/intelfpga_lite/17.1/quartus/../ip/altera/sopc_builder_ip/altera_avalon_uart -- C:/intelfpga_lite/17.1/quartus/../ip/altera/sopc_builder_ip/altera_avalon_uart/generate_rtl.pl --name=helen_uart --dir=C:/Users/smw0025/AppData/Local/Temp/alt7587_4277633509182884103.dir/0013_uart_gen/ --quartus_dir=C:/intelfpga_lite/17.1/quartus --verilog --config=C:/Users/smw0025/AppData/Local/Temp/alt7587_4277633509182884103.dir/0013_uart_gen//helen_uart_component_configuration.pl  --do_build_sim=0  ]
Info: uart: Done RTL generation for module 'helen_uart'
Info: uart: "helen" instantiated altera_avalon_uart "uart"
Info: avalon_st_adapter: Inserting error_adapter: error_adapter_0
Info: avalon_st_adapter_001: Inserting error_adapter: error_adapter_0
Info: avalon_st_adapter_002: Inserting error_adapter: error_adapter_0
Info: avalon_st_adapter_003: Inserting error_adapter: error_adapter_0
Info: avalon_st_adapter_004: Inserting error_adapter: error_adapter_0
Info: avalon_st_adapter_005: Inserting error_adapter: error_adapter_0
Info: avalon_st_adapter_006: Inserting error_adapter: error_adapter_0
Info: avalon_st_adapter_007: Inserting error_adapter: error_adapter_0
Info: avalon_st_adapter_008: Inserting error_adapter: error_adapter_0
Info: avalon_st_adapter_009: Inserting error_adapter: error_adapter_0
Info: mm_interconnect_0: "helen" instantiated altera_mm_interconnect "mm_interconnect_0"
Info: irq_mapper: "helen" instantiated altera_irq_mapper "irq_mapper"
Info: rst_controller: "helen" instantiated altera_reset_controller "rst_controller"
Info: cpu: Starting RTL generation for module 'helen_nios_cpu'
Info: cpu:   Generation command is [exec C:/intelFPGA_lite/17.1/quartus/bin64//eperlcmd.exe -I C:/intelFPGA_lite/17.1/quartus/bin64//perl/lib -I C:/intelfpga_lite/17.1/quartus/sopc_builder/bin/europa -I C:/intelfpga_lite/17.1/quartus/sopc_builder/bin/perl_lib -I C:/intelfpga_lite/17.1/quartus/sopc_builder/bin -I C:/intelfpga_lite/17.1/quartus/../ip/altera/nios2_ip/altera_nios2_gen2/cpu_lib -I C:/intelfpga_lite/17.1/quartus/../ip/altera/nios2_ip/altera_nios2_gen2/nios_lib -I C:/intelfpga_lite/17.1/quartus/../ip/altera/nios2_ip/altera_nios2_gen2 -I C:/intelfpga_lite/17.1/quartus/../ip/altera/nios2_ip/altera_nios2_gen2 -- C:/intelfpga_lite/17.1/quartus/../ip/altera/nios2_ip/altera_nios2_gen2/generate_rtl.epl --name=helen_nios_cpu --dir=C:/Users/smw0025/AppData/Local/Temp/alt7587_4277633509182884103.dir/0016_cpu_gen/ --quartus_bindir=C:/intelFPGA_lite/17.1/quartus/bin64/ --verilog --config=C:/Users/smw0025/AppData/Local/Temp/alt7587_4277633509182884103.dir/0016_cpu_gen//helen_nios_cpu_processor_configuration.pl  --do_build_sim=0  ]
Info: cpu: # 2018.02.25 14:27:30 (*) Starting Nios II generation
Info: cpu: # 2018.02.25 14:27:30 (*)   Checking for plaintext license.
Info: cpu: # 2018.02.25 14:27:31 (*)   Couldn't query license setup in Quartus directory C:/intelFPGA_lite/17.1/quartus/bin64/
Info: cpu: # 2018.02.25 14:27:31 (*)   Defaulting to contents of LM_LICENSE_FILE environment variable
Info: cpu: # 2018.02.25 14:27:31 (*)   LM_LICENSE_FILE environment variable is empty
Info: cpu: # 2018.02.25 14:27:31 (*)   Plaintext license not found.
Info: cpu: # 2018.02.25 14:27:31 (*)   No license required to generate encrypted Nios II/e.
Info: cpu: # 2018.02.25 14:27:31 (*)   Elaborating CPU configuration settings
Info: cpu: # 2018.02.25 14:27:31 (*)   Creating all objects for CPU
Info: cpu: # 2018.02.25 14:27:33 (*)   Generating RTL from CPU objects
Info: cpu: # 2018.02.25 14:27:33 (*)   Creating plain-text RTL
Info: cpu: # 2018.02.25 14:27:34 (*) Done Nios II generation
Info: cpu: Done RTL generation for module 'helen_nios_cpu'
Info: cpu: "nios" instantiated altera_nios2_gen2_unit "cpu"
Info: nios_data_master_translator: "mm_interconnect_0" instantiated altera_merlin_master_translator "nios_data_master_translator"
Info: adc_adc_slave_translator: "mm_interconnect_0" instantiated altera_merlin_slave_translator "adc_adc_slave_translator"
Info: nios_data_master_agent: "mm_interconnect_0" instantiated altera_merlin_master_agent "nios_data_master_agent"
Info: adc_adc_slave_agent: "mm_interconnect_0" instantiated altera_merlin_slave_agent "adc_adc_slave_agent"
Info: adc_adc_slave_agent_rsp_fifo: "mm_interconnect_0" instantiated altera_avalon_sc_fifo "adc_adc_slave_agent_rsp_fifo"
Info: router: "mm_interconnect_0" instantiated altera_merlin_router "router"
Info: router_001: "mm_interconnect_0" instantiated altera_merlin_router "router_001"
Info: router_002: "mm_interconnect_0" instantiated altera_merlin_router "router_002"
Info: router_005: "mm_interconnect_0" instantiated altera_merlin_router "router_005"
Info: router_009: "mm_interconnect_0" instantiated altera_merlin_router "router_009"
Info: sdram_s1_burst_adapter: "mm_interconnect_0" instantiated altera_merlin_burst_adapter "sdram_s1_burst_adapter"
Info: cmd_demux: "mm_interconnect_0" instantiated altera_merlin_demultiplexer "cmd_demux"
Info: cmd_demux_001: "mm_interconnect_0" instantiated altera_merlin_demultiplexer "cmd_demux_001"
Info: cmd_mux: "mm_interconnect_0" instantiated altera_merlin_multiplexer "cmd_mux"
Info: cmd_mux_003: "mm_interconnect_0" instantiated altera_merlin_multiplexer "cmd_mux_003"
Info: Reusing file C:/Users/smw0025/Documents/HELEN/QuartusPrime/helen/synthesis/submodules/altera_merlin_arbitrator.sv
Info: rsp_demux: "mm_interconnect_0" instantiated altera_merlin_demultiplexer "rsp_demux"
Info: rsp_demux_003: "mm_interconnect_0" instantiated altera_merlin_demultiplexer "rsp_demux_003"
Info: rsp_demux_005: "mm_interconnect_0" instantiated altera_merlin_demultiplexer "rsp_demux_005"
Info: rsp_mux: "mm_interconnect_0" instantiated altera_merlin_multiplexer "rsp_mux"
Info: Reusing file C:/Users/smw0025/Documents/HELEN/QuartusPrime/helen/synthesis/submodules/altera_merlin_arbitrator.sv
Info: rsp_mux_001: "mm_interconnect_0" instantiated altera_merlin_multiplexer "rsp_mux_001"
Info: Reusing file C:/Users/smw0025/Documents/HELEN/QuartusPrime/helen/synthesis/submodules/altera_merlin_arbitrator.sv
Info: sdram_s1_rsp_width_adapter: "mm_interconnect_0" instantiated altera_merlin_width_adapter "sdram_s1_rsp_width_adapter"
Info: Reusing file C:/Users/smw0025/Documents/HELEN/QuartusPrime/helen/synthesis/submodules/altera_merlin_address_alignment.sv
Info: Reusing file C:/Users/smw0025/Documents/HELEN/QuartusPrime/helen/synthesis/submodules/altera_merlin_burst_uncompressor.sv
Info: crosser: "mm_interconnect_0" instantiated altera_avalon_st_handshake_clock_crosser "crosser"
Info: Reusing file C:/Users/smw0025/Documents/HELEN/QuartusPrime/helen/synthesis/submodules/altera_avalon_st_pipeline_base.v
Info: avalon_st_adapter: "mm_interconnect_0" instantiated altera_avalon_st_adapter "avalon_st_adapter"
Info: avalon_st_adapter_007: "mm_interconnect_0" instantiated altera_avalon_st_adapter "avalon_st_adapter_007"
Info: error_adapter_0: "avalon_st_adapter" instantiated error_adapter "error_adapter_0"
Info: error_adapter_0: "avalon_st_adapter_007" instantiated error_adapter "error_adapter_0"
Info: helen: Done "helen" with 41 modules, 69 files
Info: qsys-generate succeeded.
Info: Finished: Create HDL design files for synthesis
