20:39:53 **** Build of configuration Nios II for project nios_2 ****
make mem_init_generate 
Info: Building ../nios_2_bsp/
C:/intelFPGA_lite/17.1/nios2eds/bin/gnu/H-x86_64-mingw32/bin/make --no-print-directory -C ../nios_2_bsp/
[BSP build complete]
Post-processing to create mem_init/hdl_sim/helen_flash_boot_rom.hex...
elf2hex nios_2.elf 0x04011000 0x040117ff --width=32 --little-endian-mem --create-lanes=0 --no-zero-fill mem_init/hdl_sim/helen_flash_boot_rom.hex
Post-processing to create mem_init/helen_onchip_2.hex...
elf2hex nios_2.elf 0x00008000 0x0000bfff --width=32 --little-endian-mem --create-lanes=0 mem_init/helen_onchip_2.hex
Post-processing to create mem_init/hdl_sim/helen_flash_boot_rom.dat...
elf2dat --infile=nios_2.elf --outfile=mem_init/hdl_sim/helen_flash_boot_rom.dat \
		--base=0x04011000 --end=0x040117ff --width=32 \
		--little-endian-mem --create-lanes=0 
Post-processing to create mem_init/hdl_sim/helen_onchip_2.dat...
elf2dat --infile=nios_2.elf --outfile=mem_init/hdl_sim/helen_onchip_2.dat \
		--base=0x00008000 --end=0x0000bfff --width=32 \
		--little-endian-mem --create-lanes=0 
Post-processing to create mem_init/hdl_sim/sdram.dat...
elf2dat --infile=nios_2.elf --outfile=mem_init/hdl_sim/sdram.dat \
		--base=0x02000000 --end=0x03ffffff --width=16 \
		--little-endian-mem --create-lanes=0 
Post-processing to create mem_init/hdl_sim/helen_flash_boot_rom.sym...
nios2-elf-nm -n nios_2.elf > mem_init/hdl_sim/helen_flash_boot_rom.sym
Post-processing to create mem_init/hdl_sim/helen_onchip_2.sym...
nios2-elf-nm -n nios_2.elf > mem_init/hdl_sim/helen_onchip_2.sym
Post-processing to create mem_init/hdl_sim/sdram.sym...
nios2-elf-nm -n nios_2.elf > mem_init/hdl_sim/sdram.sym
Post-processing to create helen_flash_boot_rom.flash...
elf2flash --input=nios_2.elf --outfile=helen_flash_boot_rom.flash --sim_optimize=0 --little-endian-mem \
		 --epcs 
Post-processing to create mem_init/meminit.spd...
Post-processing to create mem_init/meminit.qip...

20:39:58 Build Finished (took 4s.452ms)

