13:34:09 **** Build of configuration Nios II for project nios_1 ****
make mem_init_generate 
Info: Compiling hello_world.c to obj/default/hello_world.o
nios2-elf-gcc -xc -MP -MMD -c -I../nios_1_bsp//HAL/inc -I../nios_1_bsp/ -I../nios_1_bsp//drivers/inc  -pipe -D__hal__ -DALT_NO_INSTRUCTION_EMULATION -DALT_SINGLE_THREADED    -O0 -g -Wall   -mno-hw-div -mno-hw-mul -mno-hw-mulx -mgpopt=global  -o obj/default/hello_world.o hello_world.c
hello_world.c: In function 'main':
hello_world.c:29:3: warning: implicit declaration of function 'usleep' [-Wimplicit-function-declaration]
   usleep (1000);
   ^
Info: Building ../nios_1_bsp/
C:/intelFPGA_lite/17.1/nios2eds/bin/gnu/H-x86_64-mingw32/bin/make --no-print-directory -C ../nios_1_bsp/
[BSP build complete]
Info: Linking nios_1.elf
nios2-elf-g++  -T'../nios_1_bsp//linker.x' -msys-crt0='../nios_1_bsp//obj/HAL/src/crt0.o' -msys-lib=hal_bsp -L../nios_1_bsp/   -Wl,-Map=nios_1.map   -O0 -g -Wall   -mno-hw-div -mno-hw-mul -mno-hw-mulx -mgpopt=global  -o nios_1.elf obj/default/hello_world.o -lm -msys-lib=m
nios2-elf-insert nios_1.elf --thread_model hal --cpu_name nios_1 --qsys true --simulation_enabled false --id 0 --sidp 0xc002060 --timestamp 1521772971 --stderr_dev uart --stdin_dev jtag_uart_0 --stdout_dev jtag_uart_0 --sopc_system_name helen --quartus_project_dir "C:/Users/Sean/Documents/GitHub/HELEN" --jdi C:/Users/Sean/Documents/GitHub/HELEN/software/nios_1_bsp/../../HELEN.jdi --sopcinfo C:/Users/Sean/Documents/GitHub/HELEN/software/nios_1_bsp/../../helen.sopcinfo
Info: (nios_1.elf) 79 KBytes program size (code + initialized data).
Info:              16297 KBytes free for stack + heap.
Post-processing to create mem_init/hdl_sim/helen_flash_boot_rom.hex...
elf2hex nios_1.elf 0x0c001000 0x0c0017ff --width=32 --little-endian-mem --create-lanes=0 --no-zero-fill mem_init/hdl_sim/helen_flash_boot_rom.hex
Post-processing to create mem_init/helen_onchip.hex...
elf2hex nios_1.elf 0x04000000 0x04007fff --width=32 --little-endian-mem --create-lanes=0 mem_init/helen_onchip.hex
Post-processing to create mem_init/hdl_sim/helen_flash_boot_rom.dat...
elf2dat --infile=nios_1.elf --outfile=mem_init/hdl_sim/helen_flash_boot_rom.dat \
		--base=0x0c001000 --end=0x0c0017ff --width=32 \
		--little-endian-mem --create-lanes=0 
Post-processing to create mem_init/hdl_sim/helen_onchip.dat...
elf2dat --infile=nios_1.elf --outfile=mem_init/hdl_sim/helen_onchip.dat \
		--base=0x04000000 --end=0x04007fff --width=32 \
		--little-endian-mem --create-lanes=0 
Post-processing to create mem_init/hdl_sim/sdram.dat...
elf2dat --infile=nios_1.elf --outfile=mem_init/hdl_sim/sdram.dat \
		--base=0x0a000000 --end=0x0bffffff --width=16 \
		--little-endian-mem --create-lanes=0 
Post-processing to create mem_init/hdl_sim/helen_flash_boot_rom.sym...
nios2-elf-nm -n nios_1.elf > mem_init/hdl_sim/helen_flash_boot_rom.sym
Post-processing to create mem_init/hdl_sim/helen_onchip.sym...
nios2-elf-nm -n nios_1.elf > mem_init/hdl_sim/helen_onchip.sym
Post-processing to create mem_init/hdl_sim/sdram.sym...
nios2-elf-nm -n nios_1.elf > mem_init/hdl_sim/sdram.sym
Post-processing to create helen_flash_boot_rom.flash...
elf2flash --input=nios_1.elf --outfile=helen_flash_boot_rom.flash --sim_optimize=0 --little-endian-mem \
		 --epcs 
Post-processing to create mem_init/meminit.spd...
Post-processing to create mem_init/meminit.qip...

13:34:17 Build Finished (took 7s.551ms)

